
> corvee@2.0.0-beta.4 tsc
> rimraf types && npx tsc --project jsconfig.json

error TS8021: JSDoc '@typedef' tag should either have a type annotation or be followed by '@property' or '@member' tags.
  No index signature with a parameter of type 'number' was found on type '{}'.
  No index signature with a parameter of type 'string' was found on type 'Readonly<{ IoPendingError: typeof IoPendingError; FailedError: typeof FailedError; AbortedError: typeof AbortedError; InvalidArgumentError: typeof InvalidArgumentError; ... 218 more ...; DnsHttpFailedError: typeof DnsHttpFailedError; }>'.
  No index signature with a parameter of type 'string' was found on type '{}'.
  No index signature with a parameter of type 'string' was found on type 'Readonly<{ IoPendingError: typeof IoPendingError; FailedError: typeof FailedError; AbortedError: typeof AbortedError; InvalidArgumentError: typeof InvalidArgumentError; ... 218 more ...; DnsHttpFailedError: typeof DnsHttpFailedError; }>'.
  Type 'LRU' is missing the following properties from type 'EventEmitter': addListener, on, once, removeListener, and 11 more.
packages/core/lib/logger/hook-stdout.js(1,28): error TS7006: Parameter 'callback' implicitly has an 'any' type.
packages/core/lib/logger/hook-stdout.js(4,5): error TS2322: Type '(string: string | Uint8Array, encoding: BufferEncoding, fd: (err?: Error) => void) => void' is not assignable to type '{ (buffer: string | Uint8Array, cb?: (err?: Error) => void): boolean; (str: string | Uint8Array, encoding?: BufferEncoding, cb?: (err?: Error) => void): boolean; }'.
  Types of parameters 'encoding' and 'cb' are incompatible.
    Type '(err?: Error) => void' is not assignable to type 'BufferEncoding'.
packages/core/lib/logger/hook-stdout.js(6,41): error TS2345: Argument of type 'IArguments' is not assignable to parameter of type '[str: string | Uint8Array, encoding?: BufferEncoding, cb?: (err?: Error) => void]'.
packages/core/lib/logger/logger.js(41,18): error TS2339: Property 'job' does not exist on type '{ [x: string]: unknown; j: string; r: boolean; _: (string | number)[]; $0: string; } | Promise<{ [x: string]: unknown; j: string; r: boolean; _: (string | number)[]; $0: string; }>'.
  Property 'job' does not exist on type 'Promise<{ [x: string]: unknown; j: string; r: boolean; _: (string | number)[]; $0: string; }>'.
packages/core/lib/logger/logger.js(69,60): error TS2339: Property '$0' does not exist on type '{ [x: string]: unknown; j: string; r: boolean; _: (string | number)[]; $0: string; } | Promise<{ [x: string]: unknown; j: string; r: boolean; _: (string | number)[]; $0: string; }>'.
  Property '$0' does not exist on type 'Promise<{ [x: string]: unknown; j: string; r: boolean; _: (string | number)[]; $0: string; }>'.
packages/core/lib/logger/logger.js(96,12): error TS2339: Property 'setLevel' does not exist on type 'Logger'.
packages/core/lib/logger/logger.js(96,24): error TS7006: Parameter 'level' implicitly has an 'any' type.
packages/core/lib/logger/logger.js(98,9): error TS7053: Element implicitly has an 'any' type because expression of type 'string' can't be used to index type 'Transports'.
  No index signature with a parameter of type 'string' was found on type 'Transports'.
packages/core/lib/logger/logger.js(102,13): error TS7006: Parameter 'string' implicitly has an 'any' type.
packages/core/lib/logger/logger.js(119,1): error TS2322: Type '(level: string | number) => void' is not assignable to type '(...args: any[]) => LogOutput'.
  Type 'void' is not assignable to type 'LogOutput'.
packages/core/lib/logger/logger.js(129,14): error TS7006: Parameter 'level' implicitly has an 'any' type.
packages/core/lib/logger/logger.js(130,20): error TS2339: Property 'setLevel' does not exist on type 'Logger'.
packages/core/lib/logger/logger.js(134,38): error TS2345: Argument of type 'IArguments' is not assignable to parameter of type 'any[]'.
  Type 'IArguments' is missing the following properties from type 'any[]': pop, push, concat, join, and 27 more.
packages/core/lib/logger/logger.js(137,41): error TS2345: Argument of type 'IArguments' is not assignable to parameter of type '[]'.
packages/core/lib/logger/logger.js(143,55): error TS7053: Element implicitly has an 'any' type because expression of type 'string' can't be used to index type 'winston.Logger | Tracer.Logger<string>'.
  No index signature with a parameter of type 'string' was found on type 'winston.Logger | Tracer.Logger<string>'.
packages/core/lib/logger/logger.js(152,23): error TS7006: Parameter 'stackIndex' implicitly has an 'any' type.
packages/core/lib/uri/filenamify-url.js(3,31): error TS7006: Parameter 'url' implicitly has an 'any' type.
packages/core/lib/uri/id-from-url.js(3,27): error TS7006: Parameter 'url' implicitly has an 'any' type.
packages/core/lib/uri/is-valid-url.js(7,28): error TS7006: Parameter 'url' implicitly has an 'any' type.
packages/core/lib/uri/normalize-url.js(73,21): error TS2339: Property 'base' does not exist on type 'string | object'.
  Property 'base' does not exist on type 'string'.
packages/core/lib/uri/normalize-url.js(75,44): error TS2339: Property 'base' does not exist on type 'string | object'.
  Property 'base' does not exist on type 'string'.
packages/core/lib/uri/normalize-url.js(78,17): error TS2322: Type 'unknown' is not assignable to type 'string'.
packages/core/lib/uri/normalize-url.js(101,21): error TS2339: Property 'sortParams' does not exist on type 'string | boolean | object'.
  Property 'sortParams' does not exist on type 'string'.
packages/core/lib/uri/normalize-url.js(112,18): error TS2339: Property 'keepFragment' does not exist on type 'string | boolean | object'.
  Property 'keepFragment' does not exist on type 'string'.
packages/core/lib/utils/compute-unique-key.js(4,22): error TS7006: Parameter 'payload' implicitly has an 'any' type.
packages/core/lib/utils/compute-unique-key.js(13,36): error TS7031: Binding element 'url' implicitly has an 'any' type.
packages/core/lib/utils/compute-unique-key.js(13,41): error TS7031: Binding element 'method' implicitly has an 'any' type.
packages/core/lib/utils/compute-unique-key.js(13,49): error TS7031: Binding element 'payload' implicitly has an 'any' type.
packages/core/lib/utils/compute-unique-key.js(13,58): error TS7031: Binding element 'keepUrlFragment' implicitly has an 'any' type.
packages/core/lib/utils/compute-unique-key.js(13,75): error TS7031: Binding element 'useExtendedUniqueKey' implicitly has an 'any' type.
packages/core/lib/utils/compute-unique-key.js(19,7): error TS2304: Cannot find name 'log'.
packages/harvester/bin/cli.js(8,10): error TS2305: Module '"../lib/index.js"' has no exported member 'Corvee'.
packages/harvester/bin/cli.js(12,6): error TS2339: Property 'usage' does not exist on type '(processArgs?: string | readonly string[], cwd?: string, parentRequire?: RequireType) => Argv<{}>'.
packages/harvester/bin/cli.js(46,7): error TS7034: Variable 'records' implicitly has type 'any[]' in some locations where its type cannot be determined.
packages/harvester/bin/cli.js(91,14): error TS2339: Property 'maxDepth' does not exist on type '{ maxConcurrency: number; maxRequestsPerCrawl: number; navigationOnly: boolean; maxRequestRetries: any; internLinks: string[]; useChrome: boolean; ignore: (string | RegExp)[]; }'.
packages/harvester/bin/cli.js(93,14): error TS2339: Property 'maxDepth' does not exist on type '{ maxConcurrency: number; maxRequestsPerCrawl: number; navigationOnly: boolean; maxRequestRetries: any; internLinks: string[]; useChrome: boolean; ignore: (string | RegExp)[]; }'.
packages/harvester/bin/cli.js(108,27): error TS2304: Cannot find name 'webScrapingPlugin'.
packages/harvester/bin/cli.js(110,28): error TS7006: Parameter 'record' implicitly has an 'any' type.
packages/harvester/bin/cli.js(121,37): error TS7005: Variable 'records' implicitly has an 'any[]' type.
packages/harvester/bin/cli.js(125,37): error TS7005: Variable 'records' implicitly has an 'any[]' type.
packages/harvester/lib/harvester/browsing-context-store.js(6,17): error TS7006: Parameter 'data' implicitly has an 'any' type.
packages/harvester/lib/harvester/browsing-context-store.js(22,45): error TS7006: Parameter 'url' implicitly has an 'any' type.
packages/harvester/lib/harvester/browsing-context-store.js(33,16): error TS7006: Parameter 'url' implicitly has an 'any' type.
packages/harvester/lib/harvester/browsing-context-store.js(58,33): error TS7006: Parameter 'url' implicitly has an 'any' type.
packages/harvester/lib/harvester/browsing-context-store.js(64,25): error TS7006: Parameter 'url' implicitly has an 'any' type.
packages/harvester/lib/harvester/browsing-context-store.js(85,16): error TS7006: Parameter 'url' implicitly has an 'any' type.
packages/harvester/lib/harvester/browsing-context-store.js(85,21): error TS7006: Parameter 'contextUrl' implicitly has an 'any' type.
packages/harvester/lib/harvester/browsing-context-store.js(98,13): error TS7053: Element implicitly has an 'any' type because expression of type 'any' can't be used to index type '{}'.
packages/harvester/lib/harvester/cleanup-folder-promise.js(6,38): error TS7006: Parameter 'path' implicitly has an 'any' type.
packages/harvester/lib/harvester/cleanup-folder-promise.js(6,44): error TS7006: Parameter 'tmpPath' implicitly has an 'any' type.
packages/harvester/lib/harvester/default-link-parser.js(5,17): error TS2339: Property 'href' does not exist on type 'Element'.
packages/harvester/lib/harvester/default-link-parser.js(6,18): error TS2339: Property 'innerText' does not exist on type 'Element'.
packages/harvester/lib/harvester/get-performance-data.js(3,42): error TS7006: Parameter 'resourceName' implicitly has an 'any' type.
packages/harvester/lib/harvester/get-performance-data.js(3,56): error TS7006: Parameter 'page' implicitly has an 'any' type.
packages/harvester/lib/harvester/get-performance-data.js(8,29): error TS7006: Parameter 'msg' implicitly has an 'any' type.
packages/harvester/lib/harvester/get-performance-data.js(11,49): error TS2448: Block-scoped variable 'msg' used before its declaration.
packages/harvester/lib/harvester/get-performance-data.js(12,13): error TS7022: 'msg' implicitly has type 'any' because it does not have a type annotation and is referenced directly or indirectly in its own initializer.
packages/harvester/lib/harvester/get-performance-data.js(12,19): error TS2448: Block-scoped variable 'msg' used before its declaration.
packages/harvester/lib/harvester/get-performance-data.js(20,6): error TS7006: Parameter 'resourceName' implicitly has an 'any' type.
packages/harvester/lib/harvester/get-performance-data.js(26,204): error TS2339: Property 'stack' does not exist on type 'unknown'.
packages/harvester/lib/harvester/get-timing-for.js(3,36): error TS7006: Parameter 'resourceName' implicitly has an 'any' type.
packages/harvester/lib/harvester/get-timing-for.js(3,50): error TS7006: Parameter 'page' implicitly has an 'any' type.
packages/harvester/lib/harvester/get-timing-for.js(17,27): error TS7006: Parameter 'p' implicitly has an 'any' type.
packages/harvester/lib/harvester/harvester.js(146,56): error TS2339: Property 'snapshotter' does not exist on type '{ maxCpuOverloadedRatio: number; currentHistorySecs: number; }'.
packages/harvester/lib/harvester/harvester.js(215,28): error TS7053: Element implicitly has an 'any' type because expression of type 'string' can't be used to index type '{ useIgnoreDefaults: boolean; useSchemesDefaults: boolean; useNoFollowDefaults: boolean; blockRequestsFromUrlPatterns: string[]; browser: "chromium" | "firefox" | "webkit"; checkExtern: boolean; ... 22 more ...; waitInterval: number; }'.
  No index signature with a parameter of type 'string' was found on type '{ useIgnoreDefaults: boolean; useSchemesDefaults: boolean; useNoFollowDefaults: boolean; blockRequestsFromUrlPatterns: string[]; browser: "chromium" | "firefox" | "webkit"; checkExtern: boolean; ... 22 more ...; waitInterval: number; }'.
packages/harvester/lib/harvester/harvester.js(252,55): error TS2339: Property 'map' does not exist on type 'object'.
packages/harvester/lib/harvester/harvester.js(252,59): error TS7006: Parameter 'url' implicitly has an 'any' type.
packages/harvester/lib/harvester/harvester.js(257,63): error TS2339: Property 'map' does not exist on type 'string | object | Link | (string | object | Link)[]'.
  Property 'map' does not exist on type 'string'.
packages/harvester/lib/harvester/harvester.js(257,67): error TS7006: Parameter 'url' implicitly has an 'any' type.
packages/harvester/lib/harvester/harvester.js(264,43): error TS2339: Property 'map' does not exist on type 'object'.
packages/harvester/lib/harvester/harvester.js(264,47): error TS7006: Parameter 'url' implicitly has an 'any' type.
packages/harvester/lib/harvester/harvester.js(290,21): error TS7053: Element implicitly has an 'any' type because expression of type 'string' can't be used to index type '{ onNavigationResponse: any[]; }'.
  No index signature with a parameter of type 'string' was found on type '{ onNavigationResponse: any[]; }'.
packages/harvester/lib/harvester/harvester.js(309,42): error TS7006: Parameter 'testUrl' implicitly has an 'any' type.
packages/harvester/lib/harvester/harvester.js(319,26): error TS7006: Parameter 'url' implicitly has an 'any' type.
packages/harvester/lib/harvester/harvester.js(324,44): error TS7006: Parameter 'testUrl' implicitly has an 'any' type.
packages/harvester/lib/harvester/harvester.js(434,36): error TS2345: Argument of type '() => string' is not assignable to parameter of type '{ (): string; (): Promise<string>; }'.
  Type 'string' is not assignable to type 'Promise<string>'.
packages/harvester/lib/harvester/harvester.js(556,37): error TS2345: Argument of type '() => Promise<string>' is not assignable to parameter of type '{ (): string; (): Promise<string>; }'.
  Type 'Promise<string>' is not assignable to type 'string'.
packages/harvester/lib/harvester/harvester.js(698,39): error TS7006: Parameter 'data' implicitly has an 'any' type.
packages/harvester/lib/harvester/harvester.js(836,41): error TS2345: Argument of type 'Promise<void>' is not assignable to parameter of type 'Link'.
  Type 'Promise<void>' is missing the following properties from type 'Link': url, userData
packages/harvester/lib/harvester/harvester.js(856,36): error TS7006: Parameter 'url' implicitly has an 'any' type.
packages/harvester/lib/harvester/harvester.js(966,32): error TS2339: Property 'waitFor' does not exist on type 'Page'.
packages/harvester/lib/harvester/harvester.js(975,17): error TS2322: Type '{ url: any; text: any; urlData: string; isNavigationRequest: boolean; }[]' is not assignable to type 'Link[]'.
  Property 'userData' is missing in type '{ url: any; text: any; urlData: string; isNavigationRequest: boolean; }' but required in type 'Link'.
packages/harvester/lib/harvester/harvester.js(1015,34): error TS2339: Property 'extern' does not exist on type 'Link'.
packages/harvester/lib/harvester/harvester.js(1109,33): error TS2769: No overload matches this call.
  The last overload gave the following error.
    Argument of type '"error"' is not assignable to parameter of type '"worker"'.
packages/harvester/lib/harvester/harvester.js(1109,59): error TS7006: Parameter 'error' implicitly has an 'any' type.
packages/harvester/lib/harvester/harvester.js(1121,36): error TS2304: Cannot find name 'reject'.
packages/harvester/lib/harvester/harvester.js(1169,83): error TS2345: Argument of type '{ new (url: string | URL, base?: string | URL): URL; prototype: URL; createObjectURL(obj: Blob | MediaSource): string; revokeObjectURL(url: string): void; }' is not assignable to parameter of type 'string'.
packages/harvester/lib/harvester/harvester.js(1171,93): error TS2552: Cannot find name 'parentUrl'. Did you mean 'parent'?
packages/harvester/lib/harvester/harvester.js(1173,54): error TS2339: Property 'abort' does not exist on type 'Request'.
packages/harvester/lib/harvester/harvester.js(1196,43): error TS2339: Property 'userData' does not exist on type 'Request'.
packages/harvester/lib/harvester/harvester.js(1264,43): error TS2339: Property 'userData' does not exist on type 'Request'.
packages/harvester/lib/harvester/harvester.js(1414,42): error TS2339: Property 'timing' does not exist on type '{ _from: string; }'.
packages/harvester/lib/harvester/harvester.js(1417,46): error TS2339: Property 'perfData' does not exist on type '{ _from: string; }'.
packages/harvester/lib/harvester/harvester.js(1483,107): error TS2554: Expected 0-1 arguments, but got 2.
packages/harvester/lib/harvester/harvester.js(1548,30): error TS2339: Property 'perfData' does not exist on type '{ _from: string; }'.
packages/harvester/lib/harvester/harvester.js(1620,27): error TS2445: Property 'requestHandlerTimeoutMillis' is protected and only accessible within class 'BasicCrawler<Context>' and its subclasses.
packages/harvester/lib/parsed-url.js(133,23): error TS2339: Property '_urlRegexInstance' does not exist on type 'typeof ParsedURL'.
packages/harvester/lib/parsed-url.js(134,30): error TS2339: Property '_urlRegexInstance' does not exist on type 'typeof ParsedURL'.
packages/harvester/lib/parsed-url.js(152,19): error TS2339: Property '_urlRegexInstance' does not exist on type 'typeof ParsedURL'.
packages/harvester/lib/parsed-url.js(155,26): error TS2339: Property '_urlRegexInstance' does not exist on type 'typeof ParsedURL'.
packages/harvester/lib/parsed-url.js(163,31): error TS2339: Property 'asParsedURL' does not exist on type 'string'.
packages/harvester/lib/parsed-url.js(172,31): error TS2339: Property 'asParsedURL' does not exist on type 'string'.
packages/harvester/lib/parsed-url.js(222,40): error TS2339: Property 'asParsedURL' does not exist on type 'string'.
packages/harvester/lib/parsed-url.js(226,35): error TS2339: Property 'asParsedURL' does not exist on type 'string'.
packages/harvester/lib/parsed-url.js(256,33): error TS2304: Cannot find name 'Runtime'.
packages/harvester/lib/parsed-url.js(331,53): error TS2554: Expected 0 arguments, but got 1.
packages/harvester/lib/parsed-url.js(396,18): error TS2339: Property 'asParsedURL' does not exist on type 'String'.
packages/harvester/lib/PseudoUrls.js(11,17): error TS7006: Parameter 'purls' implicitly has an 'any[]' type.
packages/harvester/lib/PseudoUrls.js(26,50): error TS2686: '_' refers to a UMD global, but the current file is a module. Consider adding an import instead.
packages/harvester/lib/PseudoUrls.js(26,50): error TS2554: Expected 1 arguments, but got 2.
packages/harvester/lib/PseudoUrls.js(38,13): error TS7006: Parameter 'url' implicitly has an 'any' type.
packages/harvester/lib/record.js(94,67): error TS2339: Property 'status' does not exist on type 'RedirectChainType'.
packages/harvester/lib/record.js(94,83): error TS2339: Property 'statusText' does not exist on type 'RedirectChainType'.
packages/harvester/lib/record.js(126,54): error TS2345: Argument of type '{ code: number; text: string; }' is not assignable to parameter of type 'number'.
packages/harvester/lib/record.js(142,5): error TS7031: Binding element 'record' implicitly has an 'any' type.
packages/harvester/lib/record.js(143,5): error TS7031: Binding element 'httpStatusCode' implicitly has an 'any' type.
packages/harvester/lib/record.js(144,5): error TS7031: Binding element 'headers' implicitly has an 'any' type.
packages/harvester/lib/record.js(207,43): error TS2339: Property 'userData' does not exist on type 'Request<Dictionary<any>> | Request'.
  Property 'userData' does not exist on type 'Request'.
packages/harvester/lib/record.js(208,35): error TS2339: Property 'userData' does not exist on type 'Request<Dictionary<any>> | Request'.
  Property 'userData' does not exist on type 'Request'.
packages/harvester/lib/record.js(233,33): error TS2339: Property 'retryCount' does not exist on type 'Request<Dictionary<any>> | Request'.
  Property 'retryCount' does not exist on type 'Request'.
packages/harvester/lib/record.js(289,36): error TS2345: Argument of type 'Request<Dictionary<any>> | Request' is not assignable to parameter of type 'Request<Dictionary<any>>'.
  Type 'Request' is missing the following properties from type 'Request<Dictionary<any>>': uniqueKey, noRetry, retryCount, errorMessages, and 7 more.
packages/harvester/lib/record.js(292,55): error TS2345: Argument of type 'Request<Dictionary<any>> | Request' is not assignable to parameter of type 'Request'.
  Type 'Request<Dictionary<any>>' is missing the following properties from type 'Request': allHeaders, failure, frame, headersArray, and 12 more.
packages/harvester/lib/record.js(293,39): error TS2339: Property 'resourceType' does not exist on type 'Request<Dictionary<any>> | Request'.
  Property 'resourceType' does not exist on type 'Request<Dictionary<any>>'.
packages/harvester/lib/record.js(336,21): error TS2339: Property 'startsWith' does not exist on type 'string | (() => string)'.
  Property 'startsWith' does not exist on type '() => string'.
packages/harvester/lib/record.js(482,37): error TS2339: Property 'redirectedFrom' does not exist on type 'Request<Dictionary<any>>'.
packages/harvester/lib/record.js(485,24): error TS2349: This expression is not callable.
  Type 'String' has no call signatures.
packages/harvester/lib/reports/capture.js(15,21): error TS2345: Argument of type '(error: Error | Report) => Error | Report | { level: string; code: string; stack: any; message: string; _from: string; _fixme: boolean; _original: Error | Report; }' is not assignable to parameter of type '(value: object, index: number, array: object[]) => Error | Report | { level: string; code: string; stack: any; message: string; _from: string; _fixme: boolean; _original: Error | Report; }'.
  Types of parameters 'error' and 'value' are incompatible.
    Type 'object' is not assignable to type 'Error | Report'.
packages/harvester/lib/reports/capture.js(29,18): error TS2339: Property '_from' does not exist on type 'NetReport'.
packages/harvester/lib/reports/capture.js(44,15): error TS2339: Property '_from' does not exist on type 'HttpReport'.
packages/harvester/lib/reports/capture.js(54,15): error TS2339: Property '_from' does not exist on type 'MailReport'.
packages/harvester/lib/reports/capture.js(65,22): error TS2339: Property '_from' does not exist on type 'MozillaReport'.
packages/harvester/lib/reports/capture.js(87,15): error TS2339: Property '_from' does not exist on type 'Error | Report'.
  Property '_from' does not exist on type 'Error'.
packages/harvester/lib/reports/capture.js(100,30): error TS2339: Property '_from' does not exist on type 'PageCrashedReport'.
packages/harvester/lib/reports/capture.js(109,26): error TS2339: Property '_from' does not exist on type 'TimeoutReport'.
packages/harvester/lib/reports/capture.js(117,41): error TS2339: Property '_from' does not exist on type 'BrowserHasDisconnectedReport'.
packages/harvester/lib/reports/capture.js(125,31): error TS2339: Property '_from' does not exist on type 'TargetClosedReport'.
packages/harvester/lib/reports/capture.js(136,15): error TS2339: Property '_from' does not exist on type 'UrlReport'.
packages/harvester/lib/reports/definitions/corvee-report.js(4,17): error TS7006: Parameter 'msg' implicitly has an 'any' type.
packages/harvester/lib/reports/definitions/mail-report.js(4,17): error TS7006: Parameter 'msg' implicitly has an 'any' type.
packages/harvester/lib/reports/definitions/mozilla-report.js(9,15): error TS7006: Parameter 'description' implicitly has an 'any' type.
packages/harvester/lib/reports/definitions/net-report.js(8,17): error TS7006: Parameter 'description' implicitly has an 'any' type.
packages/harvester/lib/reports/definitions/net-report.js(8,30): error TS7006: Parameter 'message' implicitly has an 'any' type.
packages/harvester/lib/reports/definitions/net-report.js(206,19): error TS2552: Cannot find name 'NetError'. Did you mean 'onerror'?
packages/harvester/lib/reports/definitions/puppeteer-report.js(4,15): error TS7006: Parameter 'message' implicitly has an 'any' type.
packages/harvester/lib/reports/definitions/puppeteer-report.js(11,15): error TS7006: Parameter 'message' implicitly has an 'any' type.
packages/harvester/lib/reports/definitions/puppeteer-report.js(18,15): error TS7006: Parameter 'message' implicitly has an 'any' type.
packages/harvester/lib/reports/definitions/puppeteer-report.js(25,15): error TS7006: Parameter 'message' implicitly has an 'any' type.
packages/harvester/lib/reports/definitions/puppeteer-report.js(32,15): error TS7006: Parameter 'message' implicitly has an 'any' type.
packages/harvester/lib/reports/definitions/puppeteer-report.js(39,15): error TS7006: Parameter 'message' implicitly has an 'any' type.
packages/harvester/lib/reports/definitions/puppeteer-report.js(46,15): error TS7006: Parameter 'message' implicitly has an 'any' type.
packages/harvester/lib/reports/definitions/puppeteer-report.js(53,15): error TS7006: Parameter 'message' implicitly has an 'any' type.
packages/harvester/lib/resource-type.js(93,34): error TS7053: Element implicitly has an 'any' type because expression of type 'string' can't be used to index type '{ XHR: ResourceType; Fetch: ResourceType; EventSource: ResourceType; Script: ResourceType; Stylesheet: ResourceType; ... 10 more ...; SignedExchange: ResourceType; }'.
  No index signature with a parameter of type 'string' was found on type '{ XHR: ResourceType; Fetch: ResourceType; EventSource: ResourceType; Script: ResourceType; Stylesheet: ResourceType; ... 10 more ...; SignedExchange: ResourceType; }'.
packages/harvester/lib/resource-type.js(195,5): error TS4121: This member cannot have a JSDoc comment with an '@override' tag because its containing class 'ResourceType' does not extend another class.
packages/harvester/lib/storage/link-store.js(35,5): error TS7018: Object literal's property 'finalUrl' implicitly has an 'any' type.
packages/harvester/lib/storage/link-store.js(36,5): error TS7018: Object literal's property 'redirectChain' implicitly has an 'any' type.
packages/harvester/lib/storage/link-store.js(38,5): error TS7018: Object literal's property 'reports' implicitly has an 'any' type.
packages/harvester/lib/storage/link-store.js(39,5): error TS7018: Object literal's property 'contentLength' implicitly has an 'any' type.
packages/harvester/lib/storage/link-store.js(60,9): error TS7006: Parameter 'url' implicitly has an 'any' type.
packages/harvester/lib/storage/link-store.js(75,20): error TS2339: Property 'url' does not exist on type '{}'.
packages/harvester/lib/storage/link-store.js(77,56): error TS2339: Property 'url' does not exist on type '{}'.
packages/harvester/lib/storage/link-store.js(89,15): error TS7006: Parameter 'url' implicitly has an 'any' type.
packages/harvester/lib/storage/link-store.js(102,26): error TS7006: Parameter 'data' implicitly has an 'any' type.
packages/harvester/lib/utils/compute-unique-key.js(4,22): error TS7006: Parameter 'payload' implicitly has an 'any' type.
packages/harvester/lib/utils/compute-unique-key.js(9,3): error TS7031: Binding element 'url' implicitly has an 'any' type.
packages/harvester/lib/utils/compute-unique-key.js(10,3): error TS7031: Binding element 'method' implicitly has an 'any' type.
packages/harvester/lib/utils/compute-unique-key.js(11,3): error TS7031: Binding element 'payload' implicitly has an 'any' type.
packages/harvester/lib/utils/compute-unique-key.js(12,3): error TS7031: Binding element 'keepUrlFragment' implicitly has an 'any' type.
packages/harvester/lib/utils/compute-unique-key.js(13,3): error TS7031: Binding element 'useExtendedUniqueKey' implicitly has an 'any' type.
packages/harvester/lib/utils/compute-unique-key.js(16,26): error TS2695: Left side of comma operator is unused and has no side effects.
packages/harvester/lib/utils/display-url.js(1,28): error TS7006: Parameter 'url' implicitly has an 'any' type.
packages/harvester/lib/utils/human-duration.js(3,31): error TS7006: Parameter 'ms' implicitly has an 'any' type.
packages/harvester/lib/utils/human-duration.js(5,42): error TS2339: Property '_data' does not exist on type 'Duration'.
packages/harvester/lib/utils/save-report-codes.js(6,33): error TS7006: Parameter 'harvester' implicitly has an 'any' type.
packages/harvester/lib/utils/save-report-codes.js(6,44): error TS7006: Parameter 'jobId' implicitly has an 'any' type.
packages/harvester/lib/utils/save-report-codes.js(19,46): error TS7006: Parameter 'record' implicitly has an 'any' type.
packages/harvester/lib/utils/save-report-codes.js(21,36): error TS7006: Parameter 'report' implicitly has an 'any' type.
packages/harvester/scripts/find-ancestry.js(21,6): error TS2339: Property 'help' does not exist on type '(processArgs?: string | readonly string[], cwd?: string, parentRequire?: RequireType) => Argv<{}>'.
packages/harvester/scripts/find-ancestry.js(39,28): error TS7006: Parameter 'url' implicitly has an 'any' type.
packages/harvester/scripts/find-ancestry.js(41,28): error TS7006: Parameter 'elem' implicitly has an 'any' type.
packages/harvester/scripts/find-duplicate-links-in-records.js(7,6): error TS2339: Property 'usage' does not exist on type '(processArgs?: string | readonly string[], cwd?: string, parentRequire?: RequireType) => Argv<{}>'.
packages/harvester/scripts/find-duplicate-links-in-records.js(13,20): error TS7006: Parameter 'data' implicitly has an 'any' type.
packages/harvester/scripts/find-duplicate-links-in-records.js(29,26): error TS7006: Parameter 'src' implicitly has an 'any' type.
packages/harvester/scripts/find-duplicate-links-in-records.js(35,11): error TS7034: Variable 'dups' implicitly has type 'any[]' in some locations where its type cannot be determined.
packages/harvester/scripts/find-duplicate-links-in-records.js(46,21): error TS7005: Variable 'dups' implicitly has an 'any[]' type.
packages/harvester/scripts/start-server.js(1,20): error TS2307: Cannot find module '../test/http-status/server.js' or its corresponding type declarations.
packages/harvester/scripts/test-url-syntax.js(2,21): error TS2307: Cannot find module '../test/urls/url-list.js' or its corresponding type declarations.
packages/harvester/scripts/test-url-syntax.js(5,5): error TS7031: Binding element 'fn' implicitly has an 'any' type.
packages/harvester/scripts/test-url-syntax.js(6,5): error TS7031: Binding element 'name' implicitly has an 'any' type.
packages/harvester/scripts/test-url-syntax.js(22,9): error TS7031: Binding element 'url' implicitly has an 'any' type.
packages/harvester/scripts/test-url-syntax.js(23,9): error TS7031: Binding element 'valid' implicitly has an 'any' type.
packages/harvester/scripts/test-url-syntax.js(35,21): error TS2551: Property 'crached' does not exist on type '{ passed: number; failed: number; crashed: number; }'. Did you mean 'crashed'?
packages/harvester/scripts/test-url-syntax.js(39,31): error TS2538: Type 'boolean' cannot be used as an index type.
packages/harvester/scripts/test-url-syntax.js(49,10): error TS7006: Parameter 'url' implicitly has an 'any' type.
packages/processor/filters/http-307-HSTS-redirect.js(4,12): error TS7006: Parameter 'report' implicitly has an 'any' type.
packages/processor/filters/http-307-HSTS-redirect.js(5,43): error TS7006: Parameter 'r' implicitly has an 'any' type.
packages/processor/filters/http-30x-all-temporary-redirects.js(4,12): error TS7006: Parameter 'report' implicitly has an 'any' type.
packages/processor/filters/http-30x-all-temporary-redirects.js(9,40): error TS7006: Parameter 'r' implicitly has an 'any' type.
packages/processor/filters/http-30x-all-temporary-redirects.js(10,40): error TS7006: Parameter 'r' implicitly has an 'any' type.
packages/processor/filters/http-30x-circular-redirection.js(3,12): error TS7006: Parameter 'report' implicitly has an 'any' type.
packages/processor/filters/http-30x-https-upgrade-any.js(4,11): error TS7006: Parameter 'record' implicitly has an 'any' type.
packages/processor/filters/http-30x-https-upgrade-any.js(20,33): error TS7006: Parameter 'report' implicitly has an 'any' type.
packages/processor/filters/http-30x-https-upgrade-loose.js(49,22): error TS7006: Parameter 'report' implicitly has an 'any' type.
packages/processor/filters/http-30x-https-upgrade-strict.js(45,22): error TS7006: Parameter 'report' implicitly has an 'any' type.
packages/processor/filters/http-30x-https-upgrade-strict.js(45,30): error TS7006: Parameter 'filter' implicitly has an 'any' type.
packages/processor/filters/http-30x-missing-slash.js(3,12): error TS7006: Parameter 'report' implicitly has an 'any' type.
packages/processor/filters/http-30x-permanent-redirect-failure.js(4,12): error TS7006: Parameter 'report' implicitly has an 'any' type.
packages/processor/filters/http-30x-permanent-redirect-failure.js(10,68): error TS7006: Parameter 'r' implicitly has an 'any' type.
packages/processor/filters/http-30x-permanent-redirect-successful.js(8,12): error TS7006: Parameter 'report' implicitly has an 'any' type.
packages/processor/filters/http-30x-permanent-redirect-successful.js(14,68): error TS7006: Parameter 'r' implicitly has an 'any' type.
packages/processor/filters/http-30x-redirect-to-welcome-page.js(4,11): error TS7006: Parameter 'record' implicitly has an 'any' type.
packages/processor/filters/http-404-by-url.js(1,26): error TS7006: Parameter 'urlList' implicitly has an 'any' type.
packages/processor/filters/http-404-by-url.js(5,16): error TS7006: Parameter 'report' implicitly has an 'any' type.
packages/processor/filters/http-404-by-url.js(8,37): error TS7006: Parameter 'url' implicitly has an 'any' type.
packages/processor/filters/mail-invalid-syntax.js(4,10): error TS7006: Parameter 'record' implicitly has an 'any' type.
packages/processor/filters/mail-invalid-syntax.js(5,29): error TS7006: Parameter 'report' implicitly has an 'any' type.
packages/processor/filters/net-certificate.js(4,9): error TS7006: Parameter 'record' implicitly has an 'any' type.
packages/processor/filters/net-certificate.js(5,29): error TS7006: Parameter 'report' implicitly has an 'any' type.
packages/processor/filters/net-certificate.js(15,43): error TS7006: Parameter 'report' implicitly has an 'any' type.
packages/processor/filters/net-connection.js(4,9): error TS7006: Parameter 'record' implicitly has an 'any' type.
packages/processor/filters/net-connection.js(5,29): error TS7006: Parameter 'report' implicitly has an 'any' type.
packages/processor/filters/net-connection.js(15,43): error TS7006: Parameter 'report' implicitly has an 'any' type.
packages/processor/filters/net-http.js(4,9): error TS7006: Parameter 'record' implicitly has an 'any' type.
packages/processor/filters/net-http.js(5,29): error TS7006: Parameter 'report' implicitly has an 'any' type.
packages/processor/filters/net-http.js(15,43): error TS7006: Parameter 'report' implicitly has an 'any' type.
packages/processor/filters/net-system.js(4,9): error TS7006: Parameter 'record' implicitly has an 'any' type.
packages/processor/filters/net-system.js(5,29): error TS7006: Parameter 'report' implicitly has an 'any' type.
packages/processor/filters/net-system.js(15,43): error TS7006: Parameter 'report' implicitly has an 'any' type.
packages/processor/filters/url-ignore-these.js(3,26): error TS7006: Parameter 'urls' implicitly has an 'any[]' type.
packages/processor/filters/url-ignore-these.js(10,16): error TS7006: Parameter 'report' implicitly has an 'any' type.
packages/processor/filters/url-invalid-url.js(4,10): error TS7006: Parameter 'record' implicitly has an 'any' type.
packages/processor/filters/url-invalid-url.js(5,29): error TS7006: Parameter 'report' implicitly has an 'any' type.
packages/processor/filters/url-shorten.js(3,12): error TS7006: Parameter 'report' implicitly has an 'any' type.
packages/processor/lib/errors/custom-errors.js(4,11): error TS7006: Parameter 'report' implicitly has an 'any' type.
packages/processor/lib/messages.js(3,32): error TS7006: Parameter 'messages' implicitly has an 'any' type.
packages/processor/lib/messages.js(11,29): error TS7006: Parameter 'key' implicitly has an 'any' type.
packages/processor/lib/messages.js(11,34): error TS7006: Parameter 'rawMsg' implicitly has an 'any' type.
packages/processor/lib/plugin.js(4,17): error TS7006: Parameter 'code' implicitly has an 'any' type.
packages/processor/lib/plugin.js(5,9): error TS7031: Binding element 'description' implicitly has an 'any' type.
packages/processor/lib/plugin.js(8,9): error TS7031: Binding element 'test' implicitly has an 'any' type.
packages/processor/lib/plugin.js(28,5): error TS7031: Binding element 'code' implicitly has an 'any' type.
packages/processor/lib/plugin.js(29,5): error TS7031: Binding element 'description' implicitly has an 'any' type.
packages/processor/lib/plugin.js(30,5): error TS7031: Binding element 'test' implicitly has an 'any' type.
packages/processor/lib/processor/processor.js(15,9): error TS7006: Parameter 'key' implicitly has an 'any' type.
packages/processor/lib/processor/processor.js(22,9): error TS7031: Binding element 'filters' implicitly has an 'any[]' type.
packages/processor/lib/processor/processor.js(23,9): error TS7031: Binding element 'errors' implicitly has an 'any[]' type.
packages/processor/lib/processor/processor.js(28,9): error TS7008: Member 'records' implicitly has an 'any[]' type.
packages/processor/lib/processor/processor.js(29,9): error TS7008: Member 'unfilteredRecords' implicitly has an 'any[]' type.
packages/processor/lib/processor/processor.js(30,9): error TS7008: Member 'filters' implicitly has an 'any[]' type.
packages/processor/lib/processor/processor.js(33,9): error TS7008: Member '_errors' implicitly has an 'any[]' type.
packages/processor/lib/processor/processor.js(35,21): error TS2339: Property 'errorLevel' does not exist on type '{}'.
packages/processor/lib/processor/processor.js(35,46): error TS2339: Property 'errorLevel' does not exist on type '{}'.
packages/processor/lib/processor/processor.js(44,13): error TS7006: Parameter 'record' implicitly has an 'any' type.
packages/processor/lib/processor/processor.js(46,37): error TS7006: Parameter 'report' implicitly has an 'any' type.
packages/processor/lib/processor/processor.js(46,47): error TS7053: Element implicitly has an 'any' type because expression of type 'any' can't be used to index type '{ INFO: number; WARNING: number; ERROR: number; }'.
packages/processor/lib/processor/processor.js(46,82): error TS2339: Property 'errorLevel' does not exist on type '{}'.
packages/processor/lib/processor/processor.js(49,15): error TS7019: Rest parameter 'errors' implicitly has an 'any[]' type.
packages/processor/lib/processor/processor.js(60,16): error TS7019: Rest parameter 'filters' implicitly has an 'any[]' type.
packages/processor/lib/processor/processor.js(72,24): error TS7053: Element implicitly has an 'any' type because expression of type 'any' can't be used to index type '{}'.
packages/processor/lib/processor/processor.js(82,19): error TS7006: Parameter 'records' implicitly has an 'any' type.
packages/processor/lib/processor/processor.js(94,31): error TS7006: Parameter 'record' implicitly has an 'any' type.
packages/processor/lib/processor/processor.js(96,57): error TS7006: Parameter 'report' implicitly has an 'any' type.
packages/processor/lib/processor/processor.js(113,27): error TS7006: Parameter 'records' implicitly has an 'any' type.
packages/processor/lib/processor/processor.js(113,36): error TS7006: Parameter 'filter' implicitly has an 'any' type.
packages/processor/lib/processor/processor.js(114,19): error TS7034: Variable 'result' implicitly has type 'any[]' in some locations where its type cannot be determined.
packages/processor/lib/processor/processor.js(116,30): error TS7006: Parameter 'record' implicitly has an 'any' type.
packages/processor/lib/processor/processor.js(116,38): error TS7006: Parameter 'i' implicitly has an 'any' type.
packages/processor/lib/processor/processor.js(128,29): error TS2349: This expression is not callable.
packages/processor/lib/processor/processor.js(133,53): error TS7006: Parameter 'report' implicitly has an 'any' type.
packages/processor/lib/processor/processor.js(134,62): error TS7006: Parameter 'report' implicitly has an 'any' type.
packages/processor/lib/processor/processor.js(135,66): error TS7006: Parameter 'report' implicitly has an 'any' type.
packages/processor/lib/processor/processor.js(157,40): error TS7053: Element implicitly has an 'any' type because expression of type 'any' can't be used to index type '{}'.
packages/processor/lib/processor/processor.js(158,33): error TS7053: Element implicitly has an 'any' type because expression of type 'any' can't be used to index type '{}'.
packages/processor/lib/processor/processor.js(175,20): error TS7005: Variable 'result' implicitly has an 'any[]' type.
packages/processor/lib/processor/processor.js(178,33): error TS7006: Parameter 'records' implicitly has an 'any' type.
packages/processor/lib/processor/processor.js(182,34): error TS7053: Element implicitly has an 'any' type because expression of type 'string' can't be used to index type '{ INFO: number; WARNING: number; ERROR: number; }'.
  No index signature with a parameter of type 'string' was found on type '{ INFO: number; WARNING: number; ERROR: number; }'.
packages/processor/lib/processor/processor.js(182,63): error TS2339: Property 'errorLevel' does not exist on type '{}'.
packages/processor/lib/processor/processor.js(187,32): error TS7006: Parameter 'record' implicitly has an 'any' type.
packages/processor/lib/processor/processor.js(191,72): error TS7006: Parameter 'report' implicitly has an 'any' type.
packages/processor/lib/processor/processor.js(191,122): error TS7006: Parameter 'report' implicitly has an 'any' type.
packages/processor/lib/processor/processor.js(191,132): error TS7053: Element implicitly has an 'any' type because expression of type 'any' can't be used to index type '{ INFO: number; WARNING: number; ERROR: number; }'.
packages/processor/lib/processor/processor.js(193,56): error TS7006: Parameter 'report' implicitly has an 'any' type.
packages/processor/lib/processor/processor.js(193,66): error TS7053: Element implicitly has an 'any' type because expression of type 'any' can't be used to index type '{ INFO: number; WARNING: number; ERROR: number; }'.
packages/processor/lib/processor/processor.js(200,37): error TS7006: Parameter 'records' implicitly has an 'any' type.
packages/processor/lib/processor/processor.js(204,34): error TS7053: Element implicitly has an 'any' type because expression of type 'string' can't be used to index type '{ INFO: number; WARNING: number; ERROR: number; }'.
  No index signature with a parameter of type 'string' was found on type '{ INFO: number; WARNING: number; ERROR: number; }'.
packages/processor/lib/processor/processor.js(204,63): error TS2339: Property 'errorLevel' does not exist on type '{}'.
packages/processor/lib/processor/processor.js(207,32): error TS7006: Parameter 'record' implicitly has an 'any' type.
packages/processor/lib/processor/processor.js(209,21): error TS7034: Variable 'reports' implicitly has type 'any[]' in some locations where its type cannot be determined.
packages/processor/lib/processor/processor.js(215,66): error TS7006: Parameter 'report' implicitly has an 'any' type.
packages/processor/lib/processor/processor.js(219,76): error TS7006: Parameter 'report' implicitly has an 'any' type.
packages/processor/lib/processor/processor.js(226,83): error TS7006: Parameter 'report' implicitly has an 'any' type.
packages/processor/lib/processor/processor.js(230,35): error TS7005: Variable 'reports' implicitly has an 'any[]' type.
packages/processor/lib/processor/processor.js(234,34): error TS7005: Variable 'reports' implicitly has an 'any[]' type.
packages/processor/lib/processor/processor.js(242,32): error TS7006: Parameter 'records' implicitly has an 'any' type.
packages/processor/lib/processor/processor.js(243,19): error TS7034: Variable 'result' implicitly has type 'any[]' in some locations where its type cannot be determined.
packages/processor/lib/processor/processor.js(245,30): error TS7006: Parameter 'record' implicitly has an 'any' type.
packages/processor/lib/processor/processor.js(249,40): error TS7006: Parameter 'report' implicitly has an 'any' type.
packages/processor/lib/processor/processor.js(261,20): error TS7005: Variable 'result' implicitly has an 'any[]' type.
packages/processor/lib/processor/processor.js(267,28): error TS2552: Cannot find name 'doErrors'. Did you mean 'onerror'?
